{"@timestamp":"2025-08-04T10:01:49.7896934+09:00","logger_name":"com.example.loginlog.LoginlogApplication","thread_name":"restartedMain","level":"INFO","message":"Starting LoginlogApplication using Java 21.0.6 with PID 13060 (C:\\ce5\\Project\\ELK-Project\\ELK-Project\\target\\classes started by 1-29 in C:\\ce5\\Project\\ELK-Project\\ELK-Project)"}
{"@timestamp":"2025-08-04T10:01:49.7896934+09:00","logger_name":"com.example.loginlog.LoginlogApplication","thread_name":"restartedMain","level":"INFO","message":"No active profile set, falling back to 1 default profile: \"default\""}
{"@timestamp":"2025-08-04T10:01:49.9139232+09:00","logger_name":"org.springframework.boot.web.embedded.tomcat.TomcatWebServer","thread_name":"restartedMain","level":"INFO","message":"Tomcat initialized with port 8080 (http)"}
{"@timestamp":"2025-08-04T10:01:49.92026+09:00","logger_name":"org.apache.coyote.http11.Http11NioProtocol","thread_name":"restartedMain","level":"INFO","message":"Initializing ProtocolHandler [\"http-nio-8080\"]"}
{"@timestamp":"2025-08-04T10:01:49.921407+09:00","logger_name":"org.apache.catalina.core.StandardService","thread_name":"restartedMain","level":"INFO","message":"Starting service [Tomcat]"}
{"@timestamp":"2025-08-04T10:01:49.921407+09:00","logger_name":"org.apache.catalina.core.StandardEngine","thread_name":"restartedMain","level":"INFO","message":"Starting Servlet engine: [Apache Tomcat/10.1.42]"}
{"@timestamp":"2025-08-04T10:01:49.9285561+09:00","logger_name":"org.apache.catalina.core.ContainerBase.[Tomcat].[localhost].[/]","thread_name":"restartedMain","level":"INFO","message":"Initializing Spring embedded WebApplicationContext"}
{"@timestamp":"2025-08-04T10:01:49.9285561+09:00","logger_name":"org.springframework.boot.web.servlet.context.ServletWebServerApplicationContext","thread_name":"restartedMain","level":"INFO","message":"Root WebApplicationContext: initialization completed in 137 ms"}
{"@timestamp":"2025-08-04T10:01:49.9646192+09:00","logger_name":"org.springframework.boot.devtools.autoconfigure.OptionalLiveReloadServer","thread_name":"restartedMain","level":"INFO","message":"LiveReload server is running on port 35729"}
{"@timestamp":"2025-08-04T10:01:49.966661+09:00","logger_name":"org.apache.coyote.http11.Http11NioProtocol","thread_name":"restartedMain","level":"INFO","message":"Starting ProtocolHandler [\"http-nio-8080\"]"}
{"@timestamp":"2025-08-04T10:01:49.9700506+09:00","logger_name":"org.springframework.boot.web.embedded.tomcat.TomcatWebServer","thread_name":"restartedMain","level":"INFO","message":"Tomcat started on port 8080 (http) with context path '/'"}
{"@timestamp":"2025-08-04T10:01:49.9725951+09:00","logger_name":"com.example.loginlog.LoginlogApplication","thread_name":"restartedMain","level":"INFO","message":"Started LoginlogApplication in 0.223 seconds (process running for 395.876)"}
{"@timestamp":"2025-08-04T10:01:49.9735991+09:00","logger_name":"org.springframework.boot.devtools.autoconfigure.ConditionEvaluationDeltaLoggingListener","thread_name":"restartedMain","level":"INFO","message":"Condition evaluation unchanged"}
{"@timestamp":"2025-08-04T10:01:54.8193768+09:00","logger_name":"org.apache.catalina.core.ContainerBase.[Tomcat].[localhost].[/]","thread_name":"http-nio-8080-exec-1","level":"INFO","message":"Initializing Spring DispatcherServlet 'dispatcherServlet'"}
{"@timestamp":"2025-08-04T10:01:54.8193768+09:00","logger_name":"org.springframework.web.servlet.DispatcherServlet","thread_name":"http-nio-8080-exec-1","level":"INFO","message":"Initializing Servlet 'dispatcherServlet'"}
{"@timestamp":"2025-08-04T10:01:54.8193768+09:00","logger_name":"org.springframework.web.servlet.DispatcherServlet","thread_name":"http-nio-8080-exec-1","level":"INFO","message":"Completed initialization in 0 ms"}
{"@timestamp":"2025-08-04T10:01:54.8236997+09:00","logger_name":"com.example.loginlog.controller.LoginController","thread_name":"http-nio-8080-exec-1","level":"WARN","message":"LOGIN_FAILED - password=1234, country=null, timestamp=0, success=false, failureReason=null"}
{"@timestamp":"2025-08-04T10:41:34.2356437+09:00","logger_name":"org.springframework.boot.devtools.autoconfigure.LocalDevToolsAutoConfiguration$RestartingClassPathChangeChangedEventListener","thread_name":"File Watcher","level":"INFO","message":"Restarting due to 7 class path changes (0 additions, 3 deletions, 4 modifications)"}
{"@timestamp":"2025-08-04T10:41:34.2380292+09:00","logger_name":"org.springframework.boot.web.embedded.tomcat.GracefulShutdown","thread_name":"Thread-15","level":"INFO","message":"Commencing graceful shutdown. Waiting for active requests to complete"}
{"@timestamp":"2025-08-04T10:41:34.2390998+09:00","logger_name":"org.apache.coyote.http11.Http11NioProtocol","thread_name":"tomcat-shutdown","level":"INFO","message":"Pausing ProtocolHandler [\"http-nio-8080\"]"}
{"@timestamp":"2025-08-04T10:41:34.2436815+09:00","logger_name":"org.springframework.boot.web.embedded.tomcat.GracefulShutdown","thread_name":"tomcat-shutdown","level":"INFO","message":"Graceful shutdown complete"}
{"@timestamp":"2025-08-04T10:41:34.2436815+09:00","logger_name":"org.apache.coyote.http11.Http11NioProtocol","thread_name":"Thread-15","level":"INFO","message":"Stopping ProtocolHandler [\"http-nio-8080\"]"}
{"@timestamp":"2025-08-04T10:41:34.2944113+09:00","logger_name":"com.example.loginlog.LoginlogApplication","thread_name":"restartedMain","level":"INFO","message":"Starting LoginlogApplication using Java 21.0.6 with PID 13060 (C:\\ce5\\Project\\ELK-Project\\ELK-Project\\target\\classes started by 1-29 in C:\\ce5\\Project\\ELK-Project\\ELK-Project)"}
{"@timestamp":"2025-08-04T10:41:34.2954427+09:00","logger_name":"com.example.loginlog.LoginlogApplication","thread_name":"restartedMain","level":"INFO","message":"No active profile set, falling back to 1 default profile: \"default\""}
{"@timestamp":"2025-08-04T10:41:34.3919408+09:00","logger_name":"org.springframework.boot.web.embedded.tomcat.TomcatWebServer","thread_name":"restartedMain","level":"INFO","message":"Tomcat initialized with port 8080 (http)"}
{"@timestamp":"2025-08-04T10:41:34.3919408+09:00","logger_name":"org.apache.coyote.http11.Http11NioProtocol","thread_name":"restartedMain","level":"INFO","message":"Initializing ProtocolHandler [\"http-nio-8080\"]"}
{"@timestamp":"2025-08-04T10:41:34.3930384+09:00","logger_name":"org.apache.catalina.core.StandardService","thread_name":"restartedMain","level":"INFO","message":"Starting service [Tomcat]"}
{"@timestamp":"2025-08-04T10:41:34.3930384+09:00","logger_name":"org.apache.catalina.core.StandardEngine","thread_name":"restartedMain","level":"INFO","message":"Starting Servlet engine: [Apache Tomcat/10.1.42]"}
{"@timestamp":"2025-08-04T10:41:34.4006537+09:00","logger_name":"org.apache.catalina.core.ContainerBase.[Tomcat].[localhost].[/]","thread_name":"restartedMain","level":"INFO","message":"Initializing Spring embedded WebApplicationContext"}
{"@timestamp":"2025-08-04T10:41:34.4006537+09:00","logger_name":"org.springframework.boot.web.servlet.context.ServletWebServerApplicationContext","thread_name":"restartedMain","level":"INFO","message":"Root WebApplicationContext: initialization completed in 104 ms"}
{"@timestamp":"2025-08-04T10:41:34.4382072+09:00","logger_name":"org.springframework.boot.devtools.autoconfigure.OptionalLiveReloadServer","thread_name":"restartedMain","level":"INFO","message":"LiveReload server is running on port 35729"}
{"@timestamp":"2025-08-04T10:41:34.4391792+09:00","logger_name":"org.apache.coyote.http11.Http11NioProtocol","thread_name":"restartedMain","level":"INFO","message":"Starting ProtocolHandler [\"http-nio-8080\"]"}
{"@timestamp":"2025-08-04T10:41:34.4428393+09:00","logger_name":"org.springframework.boot.web.embedded.tomcat.TomcatWebServer","thread_name":"restartedMain","level":"INFO","message":"Tomcat started on port 8080 (http) with context path '/'"}
{"@timestamp":"2025-08-04T10:41:34.4449006+09:00","logger_name":"com.example.loginlog.LoginlogApplication","thread_name":"restartedMain","level":"INFO","message":"Started LoginlogApplication in 0.171 seconds (process running for 2780.43)"}
{"@timestamp":"2025-08-04T10:41:34.4449006+09:00","logger_name":"org.springframework.boot.devtools.autoconfigure.ConditionEvaluationDeltaLoggingListener","thread_name":"restartedMain","level":"INFO","message":"Condition evaluation unchanged"}
{"@timestamp":"2025-08-04T10:41:55.8999685+09:00","logger_name":"org.springframework.boot.devtools.autoconfigure.LocalDevToolsAutoConfiguration$RestartingClassPathChangeChangedEventListener","thread_name":"File Watcher","level":"INFO","message":"Restarting due to 3 class path changes (3 additions, 0 deletions, 0 modifications)"}
{"@timestamp":"2025-08-04T10:41:55.9010564+09:00","logger_name":"org.springframework.boot.web.embedded.tomcat.GracefulShutdown","thread_name":"Thread-19","level":"INFO","message":"Commencing graceful shutdown. Waiting for active requests to complete"}
{"@timestamp":"2025-08-04T10:41:55.9022511+09:00","logger_name":"org.apache.coyote.http11.Http11NioProtocol","thread_name":"tomcat-shutdown","level":"INFO","message":"Pausing ProtocolHandler [\"http-nio-8080\"]"}
{"@timestamp":"2025-08-04T10:41:55.9113272+09:00","logger_name":"org.springframework.boot.web.embedded.tomcat.GracefulShutdown","thread_name":"tomcat-shutdown","level":"INFO","message":"Graceful shutdown complete"}
{"@timestamp":"2025-08-04T10:41:55.9113272+09:00","logger_name":"org.apache.coyote.http11.Http11NioProtocol","thread_name":"Thread-19","level":"INFO","message":"Stopping ProtocolHandler [\"http-nio-8080\"]"}
{"@timestamp":"2025-08-04T10:41:55.9949647+09:00","logger_name":"com.example.loginlog.LoginlogApplication","thread_name":"restartedMain","level":"INFO","message":"Starting LoginlogApplication using Java 21.0.6 with PID 13060 (C:\\ce5\\Project\\ELK-Project\\ELK-Project\\target\\classes started by 1-29 in C:\\ce5\\Project\\ELK-Project\\ELK-Project)"}
{"@timestamp":"2025-08-04T10:41:55.9949647+09:00","logger_name":"com.example.loginlog.LoginlogApplication","thread_name":"restartedMain","level":"INFO","message":"No active profile set, falling back to 1 default profile: \"default\""}
{"@timestamp":"2025-08-04T10:41:56.2062632+09:00","logger_name":"org.springframework.boot.web.embedded.tomcat.TomcatWebServer","thread_name":"restartedMain","level":"INFO","message":"Tomcat initialized with port 8080 (http)"}
{"@timestamp":"2025-08-04T10:41:56.2076742+09:00","logger_name":"org.apache.coyote.http11.Http11NioProtocol","thread_name":"restartedMain","level":"INFO","message":"Initializing ProtocolHandler [\"http-nio-8080\"]"}
{"@timestamp":"2025-08-04T10:41:56.2076742+09:00","logger_name":"org.apache.catalina.core.StandardService","thread_name":"restartedMain","level":"INFO","message":"Starting service [Tomcat]"}
{"@timestamp":"2025-08-04T10:41:56.2076742+09:00","logger_name":"org.apache.catalina.core.StandardEngine","thread_name":"restartedMain","level":"INFO","message":"Starting Servlet engine: [Apache Tomcat/10.1.42]"}
{"@timestamp":"2025-08-04T10:41:56.2142921+09:00","logger_name":"org.apache.catalina.core.ContainerBase.[Tomcat].[localhost].[/]","thread_name":"restartedMain","level":"INFO","message":"Initializing Spring embedded WebApplicationContext"}
{"@timestamp":"2025-08-04T10:41:56.2153153+09:00","logger_name":"org.springframework.boot.web.servlet.context.ServletWebServerApplicationContext","thread_name":"restartedMain","level":"INFO","message":"Root WebApplicationContext: initialization completed in 217 ms"}
{"@timestamp":"2025-08-04T10:41:56.2525352+09:00","logger_name":"org.springframework.boot.devtools.autoconfigure.OptionalLiveReloadServer","thread_name":"restartedMain","level":"INFO","message":"LiveReload server is running on port 35729"}
{"@timestamp":"2025-08-04T10:41:56.2535462+09:00","logger_name":"org.apache.coyote.http11.Http11NioProtocol","thread_name":"restartedMain","level":"INFO","message":"Starting ProtocolHandler [\"http-nio-8080\"]"}
{"@timestamp":"2025-08-04T10:41:56.2566816+09:00","logger_name":"org.springframework.boot.web.embedded.tomcat.TomcatWebServer","thread_name":"restartedMain","level":"INFO","message":"Tomcat started on port 8080 (http) with context path '/'"}
{"@timestamp":"2025-08-04T10:41:56.2576553+09:00","logger_name":"com.example.loginlog.LoginlogApplication","thread_name":"restartedMain","level":"INFO","message":"Started LoginlogApplication in 0.282 seconds (process running for 2802.243)"}
{"@timestamp":"2025-08-04T10:41:56.2586276+09:00","logger_name":"org.springframework.boot.devtools.autoconfigure.ConditionEvaluationDeltaLoggingListener","thread_name":"restartedMain","level":"INFO","message":"Condition evaluation unchanged"}
{"@timestamp":"2025-08-04T10:42:03.3737403+09:00","logger_name":"com.example.loginlog.LoginlogApplicationTests","thread_name":"main","level":"INFO","message":"Starting LoginlogApplicationTests using Java 21.0.6 with PID 9988 (started by 1-29 in C:\\ce5\\Project\\ELK-Project\\ELK-Project)"}
{"@timestamp":"2025-08-04T10:42:03.3791897+09:00","logger_name":"com.example.loginlog.LoginlogApplicationTests","thread_name":"main","level":"INFO","message":"No active profile set, falling back to 1 default profile: \"default\""}
{"@timestamp":"2025-08-04T10:42:04.1869886+09:00","logger_name":"com.example.loginlog.LoginlogApplicationTests","thread_name":"main","level":"INFO","message":"Started LoginlogApplicationTests in 1.28 seconds (process running for 2.589)"}
{"@timestamp":"2025-08-04T11:17:03.8028301+09:00","logger_name":"org.apache.catalina.core.ContainerBase.[Tomcat].[localhost].[/]","thread_name":"http-nio-8080-exec-1","level":"INFO","message":"Initializing Spring DispatcherServlet 'dispatcherServlet'"}
{"@timestamp":"2025-08-04T11:17:03.8039693+09:00","logger_name":"org.springframework.web.servlet.DispatcherServlet","thread_name":"http-nio-8080-exec-1","level":"INFO","message":"Initializing Servlet 'dispatcherServlet'"}
{"@timestamp":"2025-08-04T11:17:03.8050426+09:00","logger_name":"org.springframework.web.servlet.DispatcherServlet","thread_name":"http-nio-8080-exec-1","level":"INFO","message":"Completed initialization in 2 ms"}
{"@timestamp":"2025-08-04T11:19:15.6285656+09:00","logger_name":"com.example.loginlog.controller.LoginController","thread_name":"http-nio-8080-exec-5","level":"WARN","message":"LOGIN_FAILED - password=1234, country=null, timestamp=0, success=false, failureReason=null"}
{"@timestamp":"2025-08-04T12:25:21.7712955+09:00","logger_name":"org.springframework.boot.devtools.autoconfigure.LocalDevToolsAutoConfiguration$RestartingClassPathChangeChangedEventListener","thread_name":"File Watcher","level":"INFO","message":"Restarting due to 1 class path change (0 additions, 0 deletions, 1 modification)"}
{"@timestamp":"2025-08-04T12:25:21.7789788+09:00","logger_name":"org.springframework.boot.web.embedded.tomcat.GracefulShutdown","thread_name":"Thread-23","level":"INFO","message":"Commencing graceful shutdown. Waiting for active requests to complete"}
{"@timestamp":"2025-08-04T12:25:21.7813936+09:00","logger_name":"org.apache.coyote.http11.Http11NioProtocol","thread_name":"tomcat-shutdown","level":"INFO","message":"Pausing ProtocolHandler [\"http-nio-8080\"]"}
{"@timestamp":"2025-08-04T12:25:21.7871028+09:00","logger_name":"org.springframework.boot.web.embedded.tomcat.GracefulShutdown","thread_name":"tomcat-shutdown","level":"INFO","message":"Graceful shutdown complete"}
{"@timestamp":"2025-08-04T12:25:21.7881224+09:00","logger_name":"org.apache.coyote.http11.Http11NioProtocol","thread_name":"Thread-23","level":"INFO","message":"Stopping ProtocolHandler [\"http-nio-8080\"]"}
